<?xml version="1.0" encoding="UTF-8"?>
<coverage generated="1663359729434" clover="3.2.0">
  <project timestamp="1663359729434" name="All files">
    <metrics statements="273" coveredstatements="270" conditionals="109" coveredconditionals="97" methods="67" coveredmethods="65" elements="449" coveredelements="432" complexity="0" loc="273" ncloc="273" packages="4" files="10" classes="10"/>
    <package name="src">
      <metrics statements="179" coveredstatements="177" conditionals="77" coveredconditionals="68" methods="25" coveredmethods="24"/>
      <file name="artifact.ts" path="J:\APPS\GITHUB-ACTIONS\upload-pages-artifact\src\artifact.ts">
        <metrics statements="39" coveredstatements="39" conditionals="26" coveredconditionals="24" methods="4" coveredmethods="4"/>
        <line num="1" count="1" type="stmt"/>
        <line num="2" count="1" type="stmt"/>
        <line num="4" count="1" type="stmt"/>
        <line num="5" count="1" type="stmt"/>
        <line num="11" count="1" type="stmt"/>
        <line num="13" count="1" type="stmt"/>
        <line num="14" count="11" type="stmt"/>
        <line num="15" count="11" type="stmt"/>
        <line num="16" count="11" type="stmt"/>
        <line num="18" count="11" type="stmt"/>
        <line num="19" count="24" type="cond" truecount="1" falsecount="0"/>
        <line num="23" count="14" type="stmt"/>
        <line num="26" count="10" type="cond" truecount="6" falsecount="1"/>
        <line num="27" count="2" type="stmt"/>
        <line num="30" count="8" type="stmt"/>
        <line num="34" count="7" type="stmt"/>
        <line num="35" count="7" type="stmt"/>
        <line num="36" count="7" type="stmt"/>
        <line num="37" count="7" type="stmt"/>
        <line num="38" count="7" type="stmt"/>
        <line num="40" count="7" type="stmt"/>
        <line num="41" count="7" type="stmt"/>
        <line num="43" count="7" type="cond" truecount="1" falsecount="0"/>
        <line num="44" count="6" type="stmt"/>
        <line num="47" count="7" type="cond" truecount="1" falsecount="0"/>
        <line num="48" count="3" type="stmt"/>
        <line num="52" count="7" type="stmt"/>
        <line num="54" count="7" type="cond" truecount="3" falsecount="0"/>
        <line num="55" count="1" type="stmt"/>
        <line num="59" count="6" type="cond" truecount="2" falsecount="0"/>
        <line num="63" count="6" type="cond" truecount="4" falsecount="0"/>
        <line num="64" count="1" type="stmt"/>
        <line num="70" count="5" type="stmt"/>
        <line num="72" count="5" type="stmt"/>
        <line num="75" count="5" type="stmt"/>
        <line num="77" count="5" type="cond" truecount="1" falsecount="0"/>
        <line num="78" count="3" type="stmt"/>
        <line num="80" count="3" type="stmt"/>
        <line num="82" count="3" type="stmt"/>
      </file>
      <file name="cancel.ts" path="J:\APPS\GITHUB-ACTIONS\upload-pages-artifact\src\cancel.ts">
        <metrics statements="10" coveredstatements="10" conditionals="0" coveredconditionals="0" methods="2" coveredmethods="2"/>
        <line num="1" count="8" type="stmt"/>
        <line num="2" count="8" type="stmt"/>
        <line num="4" count="8" type="stmt"/>
        <line num="5" count="8" type="stmt"/>
        <line num="7" count="8" type="stmt"/>
        <line num="8" count="2" type="stmt"/>
        <line num="9" count="2" type="stmt"/>
        <line num="15" count="1" type="stmt"/>
        <line num="17" count="1" type="stmt"/>
        <line num="19" count="1" type="stmt"/>
      </file>
      <file name="check.ts" path="J:\APPS\GITHUB-ACTIONS\upload-pages-artifact\src\check.ts">
        <metrics statements="54" coveredstatements="54" conditionals="18" coveredconditionals="15" methods="11" coveredmethods="11"/>
        <line num="1" count="1" type="stmt"/>
        <line num="3" count="1" type="stmt"/>
        <line num="4" count="1" type="stmt"/>
        <line num="5" count="1" type="stmt"/>
        <line num="6" count="1" type="stmt"/>
        <line num="12" count="1" type="stmt"/>
        <line num="14" count="1" type="stmt"/>
        <line num="15" count="10" type="stmt"/>
        <line num="18" count="1" type="stmt"/>
        <line num="21" count="9" type="cond" truecount="1" falsecount="0"/>
        <line num="23" count="1" type="stmt"/>
        <line num="26" count="8" type="cond" truecount="1" falsecount="0"/>
        <line num="28" count="1" type="stmt"/>
        <line num="30" count="7" type="stmt"/>
        <line num="33" count="1" type="stmt"/>
        <line num="36" count="7" type="cond" truecount="1" falsecount="0"/>
        <line num="38" count="1" type="stmt"/>
        <line num="40" count="6" type="stmt"/>
        <line num="43" count="1" type="stmt"/>
        <line num="46" count="6" type="cond" truecount="1" falsecount="0"/>
        <line num="47" count="1" type="stmt"/>
        <line num="49" count="5" type="stmt"/>
        <line num="52" count="1" type="stmt"/>
        <line num="57" count="5" type="cond" truecount="1" falsecount="0"/>
        <line num="58" count="1" type="stmt"/>
        <line num="60" count="4" type="stmt"/>
        <line num="63" count="1" type="stmt"/>
        <line num="65" count="4" type="stmt"/>
        <line num="69" count="4" type="stmt"/>
        <line num="72" count="1" type="stmt"/>
        <line num="75" count="13" type="stmt"/>
        <line num="76" count="13" type="stmt"/>
        <line num="77" count="13" type="stmt"/>
        <line num="82" count="4" type="cond" truecount="1" falsecount="0"/>
        <line num="83" count="3" type="stmt"/>
        <line num="84" count="3" type="stmt"/>
        <line num="87" count="1" type="stmt"/>
        <line num="91" count="6" type="stmt"/>
        <line num="92" count="6" type="stmt"/>
        <line num="93" count="6" type="stmt"/>
        <line num="95" count="6" type="stmt"/>
        <line num="98" count="6" type="stmt"/>
        <line num="100" count="10" type="stmt"/>
        <line num="102" count="10" type="stmt"/>
        <line num="104" count="10" type="stmt"/>
        <line num="109" count="10" type="stmt"/>
        <line num="117" count="60" type="cond" truecount="1" falsecount="0"/>
        <line num="118" count="41" type="stmt"/>
        <line num="126" count="19" type="stmt"/>
        <line num="129" count="10" type="cond" truecount="1" falsecount="0"/>
        <line num="131" count="6" type="cond" truecount="1" falsecount="0"/>
        <line num="132" count="5" type="stmt"/>
        <line num="133" count="5" type="stmt"/>
        <line num="136" count="1" type="stmt"/>
      </file>
      <file name="deploy.ts" path="J:\APPS\GITHUB-ACTIONS\upload-pages-artifact\src\deploy.ts">
        <metrics statements="37" coveredstatements="37" conditionals="25" coveredconditionals="23" methods="4" coveredmethods="4"/>
        <line num="1" count="1" type="stmt"/>
        <line num="2" count="1" type="stmt"/>
        <line num="4" count="1" type="stmt"/>
        <line num="10" count="1" type="stmt"/>
        <line num="11" count="1" type="stmt"/>
        <line num="13" count="1" type="stmt"/>
        <line num="17" count="12" type="stmt"/>
        <line num="22" count="1" type="stmt"/>
        <line num="26" count="8" type="cond" truecount="2" falsecount="0"/>
        <line num="27" count="6" type="cond" truecount="2" falsecount="0"/>
        <line num="28" count="2" type="stmt"/>
        <line num="29" count="2" type="cond" truecount="2" falsecount="0"/>
        <line num="33" count="1" type="cond" truecount="3" falsecount="1"/>
        <line num="35" count="1" type="stmt"/>
        <line num="37" count="2" type="stmt"/>
        <line num="41" count="4" type="cond" truecount="2" falsecount="0"/>
        <line num="42" count="1" type="stmt"/>
        <line num="43" count="3" type="cond" truecount="2" falsecount="0"/>
        <line num="44" count="1" type="stmt"/>
        <line num="45" count="2" type="cond" truecount="2" falsecount="0"/>
        <line num="46" count="1" type="stmt"/>
        <line num="48" count="1" type="stmt"/>
        <line num="51" count="2" type="stmt"/>
        <line num="55" count="1" type="stmt"/>
        <line num="58" count="9" type="stmt"/>
        <line num="59" count="9" type="stmt"/>
        <line num="60" count="9" type="stmt"/>
        <line num="61" count="9" type="stmt"/>
        <line num="63" count="9" type="cond" truecount="3" falsecount="0"/>
        <line num="64" count="1" type="stmt"/>
        <line num="67" count="8" type="stmt"/>
        <line num="69" count="8" type="stmt"/>
        <line num="75" count="8" type="stmt"/>
        <line num="83" count="8" type="stmt"/>
        <line num="87" count="1" type="stmt"/>
        <line num="94" count="1" type="stmt"/>
        <line num="96" count="8" type="stmt"/>
      </file>
      <file name="index.ts" path="J:\APPS\GITHUB-ACTIONS\upload-pages-artifact\src\index.ts">
        <metrics statements="35" coveredstatements="33" conditionals="6" coveredconditionals="4" methods="3" coveredmethods="2"/>
        <line num="1" count="6" type="stmt"/>
        <line num="2" count="6" type="stmt"/>
        <line num="3" count="6" type="stmt"/>
        <line num="4" count="6" type="stmt"/>
        <line num="5" count="6" type="stmt"/>
        <line num="6" count="6" type="stmt"/>
        <line num="7" count="6" type="stmt"/>
        <line num="8" count="6" type="stmt"/>
        <line num="11" count="0" type="stmt"/>
        <line num="12" count="0" type="cond" truecount="0" falsecount="2"/>
        <line num="15" count="6" type="stmt"/>
        <line num="16" count="6" type="stmt"/>
        <line num="18" count="6" type="stmt"/>
        <line num="20" count="6" type="cond" truecount="1" falsecount="0"/>
        <line num="21" count="1" type="stmt"/>
        <line num="26" count="5" type="stmt"/>
        <line num="28" count="5" type="cond" truecount="1" falsecount="0"/>
        <line num="29" count="1" type="stmt"/>
        <line num="32" count="4" type="stmt"/>
        <line num="34" count="4" type="cond" truecount="1" falsecount="0"/>
        <line num="35" count="1" type="stmt"/>
        <line num="37" count="1" type="stmt"/>
        <line num="45" count="3" type="stmt"/>
        <line num="47" count="2" type="cond" truecount="1" falsecount="0"/>
        <line num="48" count="2" type="stmt"/>
        <line num="50" count="2" type="stmt"/>
        <line num="52" count="1" type="stmt"/>
        <line num="54" count="1" type="stmt"/>
        <line num="57" count="5" type="stmt"/>
        <line num="59" count="5" type="stmt"/>
        <line num="61" count="5" type="stmt"/>
        <line num="63" count="5" type="stmt"/>
        <line num="68" count="6" type="stmt"/>
        <line num="69" count="6" type="stmt"/>
        <line num="71" count="6" type="stmt"/>
      </file>
      <file name="types.ts" path="J:\APPS\GITHUB-ACTIONS\upload-pages-artifact\src\types.ts">
        <metrics statements="4" coveredstatements="4" conditionals="2" coveredconditionals="2" methods="1" coveredmethods="1"/>
        <line num="22" count="5" type="cond" truecount="2" falsecount="0"/>
        <line num="23" count="5" type="stmt"/>
        <line num="24" count="5" type="stmt"/>
        <line num="25" count="5" type="stmt"/>
      </file>
    </package>
    <package name="src.api">
      <metrics statements="34" coveredstatements="34" conditionals="15" coveredconditionals="14" methods="13" coveredmethods="13"/>
      <file name="index.ts" path="J:\APPS\GITHUB-ACTIONS\upload-pages-artifact\src\api\index.ts">
        <metrics statements="34" coveredstatements="34" conditionals="15" coveredconditionals="14" methods="13" coveredmethods="13"/>
        <line num="1" count="3" type="stmt"/>
        <line num="2" count="3" type="stmt"/>
        <line num="3" count="3" type="stmt"/>
        <line num="6" count="48" type="stmt"/>
        <line num="10" count="3" type="stmt"/>
        <line num="13" count="6" type="stmt"/>
        <line num="14" count="6" type="stmt"/>
        <line num="20" count="6" type="cond" truecount="1" falsecount="0"/>
        <line num="21" count="5" type="stmt"/>
        <line num="24" count="1" type="stmt"/>
        <line num="27" count="3" type="stmt"/>
        <line num="30" count="10" type="stmt"/>
        <line num="31" count="10" type="stmt"/>
        <line num="37" count="10" type="cond" truecount="1" falsecount="0"/>
        <line num="38" count="9" type="stmt"/>
        <line num="41" count="1" type="stmt"/>
        <line num="44" count="3" type="stmt"/>
        <line num="48" count="12" type="stmt"/>
        <line num="49" count="12" type="cond" truecount="1" falsecount="0"/>
        <line num="50" count="3" type="stmt"/>
        <line num="53" count="9" type="stmt"/>
        <line num="55" count="9" type="cond" truecount="5" falsecount="0"/>
        <line num="56" count="1" type="stmt"/>
        <line num="59" count="8" type="stmt"/>
        <line num="61" count="8" type="cond" truecount="3" falsecount="0"/>
        <line num="66" count="8" type="cond" truecount="2" falsecount="0"/>
        <line num="69" count="3" type="stmt"/>
        <line num="73" count="6" type="stmt"/>
        <line num="74" count="6" type="stmt"/>
        <line num="81" count="6" type="cond" truecount="1" falsecount="1"/>
        <line num="84" count="3" type="stmt"/>
        <line num="86" count="14" type="stmt"/>
        <line num="87" count="14" type="stmt"/>
        <line num="93" count="10" type="stmt"/>
      </file>
    </package>
    <package name="src.input">
      <metrics statements="36" coveredstatements="35" conditionals="13" coveredconditionals="11" methods="20" coveredmethods="19"/>
      <file name="index.ts" path="J:\APPS\GITHUB-ACTIONS\upload-pages-artifact\src\input\index.ts">
        <metrics statements="36" coveredstatements="35" conditionals="13" coveredconditionals="11" methods="20" coveredmethods="19"/>
        <line num="1" count="6" type="stmt"/>
        <line num="4" count="6" type="stmt"/>
        <line num="5" count="9" type="stmt"/>
        <line num="7" count="9" type="cond" truecount="1" falsecount="0"/>
        <line num="8" count="4" type="stmt"/>
        <line num="12" count="6" type="stmt"/>
        <line num="13" count="1" type="stmt"/>
        <line num="15" count="1" type="cond" truecount="1" falsecount="1"/>
        <line num="18" count="15" type="stmt"/>
        <line num="20" count="6" type="stmt"/>
        <line num="21" count="32" type="cond" truecount="1" falsecount="1"/>
        <line num="23" count="8" type="stmt"/>
        <line num="25" count="70" type="stmt"/>
        <line num="27" count="6" type="stmt"/>
        <line num="29" count="6" type="stmt"/>
        <line num="30" count="1" type="stmt"/>
        <line num="32" count="6" type="stmt"/>
        <line num="34" count="36" type="stmt"/>
        <line num="36" count="6" type="stmt"/>
        <line num="37" count="6" type="stmt"/>
        <line num="39" count="15" type="stmt"/>
        <line num="41" count="15" type="stmt"/>
        <line num="43" count="6" type="stmt"/>
        <line num="44" count="20" type="cond" truecount="4" falsecount="0"/>
        <line num="46" count="6" type="stmt"/>
        <line num="47" count="10" type="stmt"/>
        <line num="49" count="6" type="stmt"/>
        <line num="50" count="3" type="stmt"/>
        <line num="52" count="6" type="stmt"/>
        <line num="53" count="6" type="stmt"/>
        <line num="55" count="6" type="stmt"/>
        <line num="56" count="0" type="stmt"/>
        <line num="58" count="6" type="stmt"/>
        <line num="59" count="7" type="stmt"/>
        <line num="69" count="7" type="stmt"/>
        <line num="70" count="49" type="stmt"/>
      </file>
    </package>
    <package name="src.utils">
      <metrics statements="24" coveredstatements="24" conditionals="4" coveredconditionals="4" methods="9" coveredmethods="9"/>
      <file name="error-messages.ts" path="J:\APPS\GITHUB-ACTIONS\upload-pages-artifact\src\utils\error-messages.ts">
        <metrics statements="1" coveredstatements="1" conditionals="0" coveredconditionals="0" methods="0" coveredmethods="0"/>
        <line num="3" count="9" type="stmt"/>
      </file>
      <file name="index.ts" path="J:\APPS\GITHUB-ACTIONS\upload-pages-artifact\src\utils\index.ts">
        <metrics statements="23" coveredstatements="23" conditionals="4" coveredconditionals="4" methods="9" coveredmethods="9"/>
        <line num="1" count="5" type="stmt"/>
        <line num="2" count="5" type="stmt"/>
        <line num="3" count="5" type="stmt"/>
        <line num="5" count="5" type="stmt"/>
        <line num="6" count="2" type="stmt"/>
        <line num="7" count="2" type="stmt"/>
        <line num="9" count="1" type="stmt"/>
        <line num="13" count="13" type="stmt"/>
        <line num="19" count="5" type="stmt"/>
        <line num="23" count="3" type="cond" truecount="4" falsecount="0"/>
        <line num="25" count="1" type="stmt"/>
        <line num="26" count="1" type="stmt"/>
        <line num="28" count="1" type="stmt"/>
        <line num="29" count="1" type="stmt"/>
        <line num="30" count="1" type="stmt"/>
        <line num="33" count="1" type="stmt"/>
        <line num="34" count="1" type="stmt"/>
        <line num="35" count="1" type="stmt"/>
        <line num="39" count="13" type="stmt"/>
        <line num="41" count="5" type="stmt"/>
        <line num="42" count="14" type="stmt"/>
        <line num="44" count="5" type="stmt"/>
        <line num="45" count="8" type="stmt"/>
      </file>
    </package>
  </project>
</coverage>
