{"J:\\APPS\\GITHUB-ACTIONS\\upload-pages-artifact\\src\\artifact.ts": {"path":"J:\\APPS\\GITHUB-ACTIONS\\upload-pages-artifact\\src\\artifact.ts","statementMap":{"0":{"start":{"line":1,"column":0},"end":{"line":1,"column":37}},"1":{"start":{"line":2,"column":0},"end":{"line":2,"column":32}},"2":{"start":{"line":4,"column":0},"end":{"line":4,"column":74}},"3":{"start":{"line":5,"column":0},"end":{"line":5,"column":null}},"4":{"start":{"line":11,"column":0},"end":{"line":11,"column":50}},"5":{"start":{"line":13,"column":28},"end":{"line":32,"column":1}},"6":{"start":{"line":14,"column":19},"end":{"line":14,"column":36}},"7":{"start":{"line":15,"column":25},"end":{"line":15,"column":42}},"8":{"start":{"line":16,"column":25},"end":{"line":16,"column":42}},"9":{"start":{"line":18,"column":4},"end":{"line":31,"column":7}},"10":{"start":{"line":19,"column":8},"end":{"line":24,"column":null}},"11":{"start":{"line":23,"column":12},"end":{"line":23,"column":25}},"12":{"start":{"line":26,"column":8},"end":{"line":28,"column":null}},"13":{"start":{"line":27,"column":12},"end":{"line":27,"column":25}},"14":{"start":{"line":30,"column":8},"end":{"line":30,"column":46}},"15":{"start":{"line":13,"column":13},"end":{"line":13,"column":28}},"16":{"start":{"line":34,"column":34},"end":{"line":84,"column":2}},"17":{"start":{"line":34,"column":71},"end":{"line":84,"column":2}},"18":{"start":{"line":35,"column":27},"end":{"line":35,"column":62}},"19":{"start":{"line":36,"column":19},"end":{"line":36,"column":36}},"20":{"start":{"line":37,"column":25},"end":{"line":37,"column":42}},"21":{"start":{"line":38,"column":25},"end":{"line":38,"column":42}},"22":{"start":{"line":40,"column":4},"end":{"line":40,"column":45}},"23":{"start":{"line":41,"column":4},"end":{"line":41,"column":42}},"24":{"start":{"line":43,"column":4},"end":{"line":45,"column":null}},"25":{"start":{"line":44,"column":8},"end":{"line":44,"column":46}},"26":{"start":{"line":47,"column":4},"end":{"line":49,"column":null}},"27":{"start":{"line":48,"column":8},"end":{"line":48,"column":38}},"28":{"start":{"line":52,"column":23},"end":{"line":52,"column":70}},"29":{"start":{"line":54,"column":4},"end":{"line":56,"column":null}},"30":{"start":{"line":55,"column":8},"end":{"line":55,"column":79}},"31":{"start":{"line":59,"column":26},"end":{"line":61,"column":12}},"32":{"start":{"line":63,"column":4},"end":{"line":67,"column":null}},"33":{"start":{"line":64,"column":8},"end":{"line":66,"column":10}},"34":{"start":{"line":70,"column":22},"end":{"line":70,"column":55}},"35":{"start":{"line":72,"column":4},"end":{"line":72,"column":66}},"36":{"start":{"line":75,"column":21},"end":{"line":75,"column":59}},"37":{"start":{"line":77,"column":4},"end":{"line":83,"column":null}},"38":{"start":{"line":78,"column":21},"end":{"line":78,"column":67}},"39":{"start":{"line":80,"column":8},"end":{"line":80,"column":67}},"40":{"start":{"line":82,"column":8},"end":{"line":82,"column":24}},"41":{"start":{"line":34,"column":13},"end":{"line":34,"column":34}}},"fnMap":{"0":{"name":"(anonymous_8)","decl":{"start":{"line":13,"column":28},"end":{"line":13,"column":29}},"loc":{"start":{"line":13,"column":77},"end":{"line":32,"column":1}}},"1":{"name":"(anonymous_9)","decl":{"start":{"line":18,"column":26},"end":{"line":18,"column":27}},"loc":{"start":{"line":18,"column":39},"end":{"line":31,"column":5}}},"2":{"name":"(anonymous_10)","decl":{"start":{"line":34,"column":34},"end":{"line":34,"column":69}},"loc":{"start":{"line":34,"column":71},"end":{"line":84,"column":2}}},"3":{"name":"(anonymous_11)","decl":{"start":{"line":34,"column":71},"end":{"line":34,"column":null}},"loc":{"start":{"line":34,"column":71},"end":{"line":84,"column":1}}}},"branchMap":{"0":{"loc":{"start":{"line":19,"column":8},"end":{"line":24,"column":null}},"type":"if","locations":[{"start":{"line":19,"column":8},"end":{"line":24,"column":null}}]},"1":{"loc":{"start":{"line":20,"column":12},"end":{"line":21,"column":72}},"type":"binary-expr","locations":[{"start":{"line":20,"column":12},"end":{"line":20,"column":24}},{"start":{"line":21,"column":12},"end":{"line":21,"column":72}}]},"2":{"loc":{"start":{"line":21,"column":32},"end":{"line":21,"column":67}},"type":"cond-expr","locations":[{"start":{"line":21,"column":53},"end":{"line":21,"column":55}},{"start":{"line":21,"column":53},"end":{"line":21,"column":67}}]},"3":{"loc":{"start":{"line":21,"column":32},"end":{"line":21,"column":55}},"type":"binary-expr","locations":[{"start":{"line":21,"column":32},"end":{"line":21,"column":55}},{"start":{"line":21,"column":53},"end":{"line":21,"column":55}}]},"4":{"loc":{"start":{"line":26,"column":8},"end":{"line":28,"column":null}},"type":"if","locations":[{"start":{"line":26,"column":8},"end":{"line":28,"column":null}}]},"5":{"loc":{"start":{"line":26,"column":12},"end":{"line":26,"column":67}},"type":"binary-expr","locations":[{"start":{"line":26,"column":12},"end":{"line":26,"column":18}},{"start":{"line":26,"column":22},"end":{"line":26,"column":67}}]},"6":{"loc":{"start":{"line":26,"column":22},"end":{"line":26,"column":56}},"type":"cond-expr","locations":[{"start":{"line":26,"column":43},"end":{"line":26,"column":45}},{"start":{"line":26,"column":43},"end":{"line":26,"column":56}}]},"7":{"loc":{"start":{"line":26,"column":22},"end":{"line":26,"column":45}},"type":"binary-expr","locations":[{"start":{"line":26,"column":22},"end":{"line":26,"column":45}},{"start":{"line":26,"column":43},"end":{"line":26,"column":45}}]},"8":{"loc":{"start":{"line":43,"column":4},"end":{"line":45,"column":null}},"type":"if","locations":[{"start":{"line":43,"column":4},"end":{"line":45,"column":null}}]},"9":{"loc":{"start":{"line":47,"column":4},"end":{"line":49,"column":null}},"type":"if","locations":[{"start":{"line":47,"column":4},"end":{"line":49,"column":null}}]},"10":{"loc":{"start":{"line":54,"column":4},"end":{"line":56,"column":null}},"type":"if","locations":[{"start":{"line":54,"column":4},"end":{"line":56,"column":null}}]},"11":{"loc":{"start":{"line":54,"column":8},"end":{"line":54,"column":35}},"type":"binary-expr","locations":[{"start":{"line":54,"column":8},"end":{"line":54,"column":20}},{"start":{"line":54,"column":24},"end":{"line":54,"column":35}}]},"12":{"loc":{"start":{"line":59,"column":26},"end":{"line":61,"column":12}},"type":"cond-expr","locations":[{"start":{"line":60,"column":10},"end":{"line":60,"column":68}},{"start":{"line":61,"column":10},"end":{"line":61,"column":12}}]},"13":{"loc":{"start":{"line":63,"column":4},"end":{"line":67,"column":null}},"type":"if","locations":[{"start":{"line":63,"column":4},"end":{"line":67,"column":null}}]},"14":{"loc":{"start":{"line":63,"column":8},"end":{"line":63,"column":65}},"type":"binary-expr","locations":[{"start":{"line":63,"column":8},"end":{"line":63,"column":20}},{"start":{"line":63,"column":25},"end":{"line":63,"column":39}},{"start":{"line":63,"column":43},"end":{"line":63,"column":64}}]},"15":{"loc":{"start":{"line":77,"column":4},"end":{"line":83,"column":null}},"type":"if","locations":[{"start":{"line":77,"column":4},"end":{"line":83,"column":null}}]}},"s":{"0":1,"1":1,"2":1,"3":1,"4":1,"5":1,"6":11,"7":11,"8":11,"9":11,"10":24,"11":14,"12":10,"13":2,"14":8,"15":1,"16":1,"17":7,"18":7,"19":7,"20":7,"21":7,"22":7,"23":7,"24":7,"25":6,"26":7,"27":3,"28":7,"29":7,"30":1,"31":6,"32":6,"33":1,"34":5,"35":5,"36":5,"37":5,"38":3,"39":3,"40":3,"41":1},"f":{"0":11,"1":24,"2":7,"3":7},"b":{"0":[14],"1":[24,21],"2":[0,21],"3":[21,21],"4":[2],"5":[10,5],"6":[0,5],"7":[5,5],"8":[6],"9":[3],"10":[1],"11":[7,6],"12":[5,1],"13":[1],"14":[6,5,5],"15":[3]}}
,"J:\\APPS\\GITHUB-ACTIONS\\upload-pages-artifact\\src\\cancel.ts": {"path":"J:\\APPS\\GITHUB-ACTIONS\\upload-pages-artifact\\src\\cancel.ts","statementMap":{"0":{"start":{"line":1,"column":0},"end":{"line":1,"column":42}},"1":{"start":{"line":2,"column":0},"end":{"line":2,"column":48}},"2":{"start":{"line":4,"column":0},"end":{"line":4,"column":45}},"3":{"start":{"line":5,"column":0},"end":{"line":5,"column":44}},"4":{"start":{"line":7,"column":32},"end":{"line":21,"column":2}},"5":{"start":{"line":7,"column":58},"end":{"line":21,"column":2}},"6":{"start":{"line":8,"column":4},"end":{"line":20,"column":null}},"7":{"start":{"line":9,"column":8},"end":{"line":13,"column":10}},"8":{"start":{"line":15,"column":8},"end":{"line":15,"column":66}},"9":{"start":{"line":17,"column":20},"end":{"line":17,"column":53}},"10":{"start":{"line":19,"column":8},"end":{"line":19,"column":48}},"11":{"start":{"line":7,"column":13},"end":{"line":7,"column":32}}},"fnMap":{"0":{"name":"(anonymous_8)","decl":{"start":{"line":7,"column":32},"end":{"line":7,"column":56}},"loc":{"start":{"line":7,"column":58},"end":{"line":21,"column":2}}},"1":{"name":"(anonymous_9)","decl":{"start":{"line":7,"column":58},"end":{"line":7,"column":null}},"loc":{"start":{"line":7,"column":58},"end":{"line":21,"column":1}}}},"branchMap":{},"s":{"0":8,"1":8,"2":8,"3":8,"4":8,"5":2,"6":2,"7":2,"8":1,"9":1,"10":1,"11":8},"f":{"0":2,"1":2},"b":{}}
,"J:\\APPS\\GITHUB-ACTIONS\\upload-pages-artifact\\src\\check.ts": {"path":"J:\\APPS\\GITHUB-ACTIONS\\upload-pages-artifact\\src\\check.ts","statementMap":{"0":{"start":{"line":1,"column":0},"end":{"line":1,"column":37}},"1":{"start":{"line":3,"column":0},"end":{"line":3,"column":44}},"2":{"start":{"line":4,"column":0},"end":{"line":4,"column":48}},"3":{"start":{"line":5,"column":0},"end":{"line":5,"column":50}},"4":{"start":{"line":6,"column":0},"end":{"line":6,"column":null}},"5":{"start":{"line":12,"column":0},"end":{"line":12,"column":44}},"6":{"start":{"line":14,"column":28},"end":{"line":16,"column":1}},"7":{"start":{"line":15,"column":4},"end":{"line":15,"column":32}},"8":{"start":{"line":18,"column":25},"end":{"line":31,"column":1}},"9":{"start":{"line":21,"column":4},"end":{"line":24,"column":null}},"10":{"start":{"line":23,"column":8},"end":{"line":23,"column":47}},"11":{"start":{"line":26,"column":4},"end":{"line":29,"column":null}},"12":{"start":{"line":28,"column":8},"end":{"line":28,"column":41}},"13":{"start":{"line":30,"column":4},"end":{"line":30,"column":17}},"14":{"start":{"line":33,"column":32},"end":{"line":41,"column":1}},"15":{"start":{"line":36,"column":4},"end":{"line":39,"column":null}},"16":{"start":{"line":38,"column":8},"end":{"line":38,"column":40}},"17":{"start":{"line":40,"column":4},"end":{"line":40,"column":17}},"18":{"start":{"line":43,"column":36},"end":{"line":50,"column":1}},"19":{"start":{"line":46,"column":4},"end":{"line":48,"column":null}},"20":{"start":{"line":47,"column":8},"end":{"line":47,"column":38}},"21":{"start":{"line":49,"column":4},"end":{"line":49,"column":17}},"22":{"start":{"line":52,"column":33},"end":{"line":61,"column":1}},"23":{"start":{"line":57,"column":4},"end":{"line":59,"column":null}},"24":{"start":{"line":58,"column":8},"end":{"line":58,"column":32}},"25":{"start":{"line":60,"column":4},"end":{"line":60,"column":17}},"26":{"start":{"line":63,"column":25},"end":{"line":70,"column":1}},"27":{"start":{"line":65,"column":4},"end":{"line":68,"column":6}},"28":{"start":{"line":69,"column":4},"end":{"line":69,"column":17}},"29":{"start":{"line":72,"column":20},"end":{"line":89,"column":2}},"30":{"start":{"line":75,"column":37},"end":{"line":89,"column":2}},"31":{"start":{"line":76,"column":4},"end":{"line":88,"column":null}},"32":{"start":{"line":77,"column":8},"end":{"line":79,"column":10}},"33":{"start":{"line":82,"column":8},"end":{"line":85,"column":null}},"34":{"start":{"line":83,"column":12},"end":{"line":83,"column":29}},"35":{"start":{"line":84,"column":12},"end":{"line":84,"column":56}},"36":{"start":{"line":87,"column":8},"end":{"line":87,"column":41}},"37":{"start":{"line":91,"column":37},"end":{"line":139,"column":2}},"38":{"start":{"line":91,"column":70},"end":{"line":139,"column":2}},"39":{"start":{"line":92,"column":20},"end":{"line":92,"column":32}},"40":{"start":{"line":93,"column":22},"end":{"line":93,"column":32}},"41":{"start":{"line":95,"column":21},"end":{"line":95,"column":22}},"42":{"start":{"line":98,"column":4},"end":{"line":138,"column":null}},"43":{"start":{"line":100,"column":8},"end":{"line":100,"column":44}},"44":{"start":{"line":102,"column":30},"end":{"line":102,"column":59}},"45":{"start":{"line":104,"column":8},"end":{"line":107,"column":20}},"46":{"start":{"line":109,"column":26},"end":{"line":127,"column":17}},"47":{"start":{"line":117,"column":12},"end":{"line":124,"column":null}},"48":{"start":{"line":118,"column":16},"end":{"line":123,"column":19}},"49":{"start":{"line":126,"column":12},"end":{"line":126,"column":26}},"50":{"start":{"line":129,"column":8},"end":{"line":137,"column":null}},"51":{"start":{"line":131,"column":12},"end":{"line":134,"column":null}},"52":{"start":{"line":132,"column":16},"end":{"line":132,"column":41}},"53":{"start":{"line":133,"column":16},"end":{"line":133,"column":43}},"54":{"start":{"line":136,"column":12},"end":{"line":136,"column":18}},"55":{"start":{"line":91,"column":13},"end":{"line":91,"column":37}}},"fnMap":{"0":{"name":"(anonymous_7)","decl":{"start":{"line":14,"column":28},"end":{"line":14,"column":29}},"loc":{"start":{"line":14,"column":76},"end":{"line":16,"column":1}}},"1":{"name":"(anonymous_8)","decl":{"start":{"line":18,"column":25},"end":{"line":18,"column":26}},"loc":{"start":{"line":20,"column":47},"end":{"line":31,"column":1}}},"2":{"name":"(anonymous_9)","decl":{"start":{"line":33,"column":32},"end":{"line":33,"column":33}},"loc":{"start":{"line":35,"column":47},"end":{"line":41,"column":1}}},"3":{"name":"(anonymous_10)","decl":{"start":{"line":43,"column":36},"end":{"line":43,"column":37}},"loc":{"start":{"line":45,"column":47},"end":{"line":50,"column":1}}},"4":{"name":"(anonymous_11)","decl":{"start":{"line":52,"column":33},"end":{"line":52,"column":34}},"loc":{"start":{"line":55,"column":47},"end":{"line":61,"column":1}}},"5":{"name":"(anonymous_12)","decl":{"start":{"line":63,"column":25},"end":{"line":63,"column":26}},"loc":{"start":{"line":63,"column":73},"end":{"line":70,"column":1}}},"6":{"name":"(anonymous_13)","decl":{"start":{"line":72,"column":20},"end":{"line":72,"column":null}},"loc":{"start":{"line":75,"column":37},"end":{"line":89,"column":2}}},"7":{"name":"(anonymous_14)","decl":{"start":{"line":75,"column":37},"end":{"line":75,"column":null}},"loc":{"start":{"line":75,"column":37},"end":{"line":89,"column":1}}},"8":{"name":"(anonymous_15)","decl":{"start":{"line":91,"column":37},"end":{"line":91,"column":44}},"loc":{"start":{"line":91,"column":70},"end":{"line":139,"column":2}}},"9":{"name":"(anonymous_16)","decl":{"start":{"line":91,"column":70},"end":{"line":91,"column":null}},"loc":{"start":{"line":91,"column":70},"end":{"line":139,"column":1}}},"10":{"name":"(anonymous_17)","decl":{"start":{"line":116,"column":17},"end":{"line":116,"column":18}},"loc":{"start":{"line":116,"column":56},"end":{"line":127,"column":9}}}},"branchMap":{"0":{"loc":{"start":{"line":21,"column":4},"end":{"line":24,"column":null}},"type":"if","locations":[{"start":{"line":21,"column":4},"end":{"line":24,"column":null}}]},"1":{"loc":{"start":{"line":26,"column":4},"end":{"line":29,"column":null}},"type":"if","locations":[{"start":{"line":26,"column":4},"end":{"line":29,"column":null}}]},"2":{"loc":{"start":{"line":36,"column":4},"end":{"line":39,"column":null}},"type":"if","locations":[{"start":{"line":36,"column":4},"end":{"line":39,"column":null}}]},"3":{"loc":{"start":{"line":46,"column":4},"end":{"line":48,"column":null}},"type":"if","locations":[{"start":{"line":46,"column":4},"end":{"line":48,"column":null}}]},"4":{"loc":{"start":{"line":57,"column":4},"end":{"line":59,"column":null}},"type":"if","locations":[{"start":{"line":57,"column":4},"end":{"line":59,"column":null}}]},"5":{"loc":{"start":{"line":66,"column":8},"end":{"line":67,"column":64}},"type":"binary-expr","locations":[{"start":{"line":66,"column":8},"end":{"line":66,"column":38}},{"start":{"line":67,"column":12},"end":{"line":67,"column":64}}]},"6":{"loc":{"start":{"line":74,"column":4},"end":{"line":74,"column":15}},"type":"default-arg","locations":[{"start":{"line":74,"column":14},"end":{"line":74,"column":15}}]},"7":{"loc":{"start":{"line":78,"column":12},"end":{"line":78,"column":57}},"type":"binary-expr","locations":[{"start":{"line":78,"column":12},"end":{"line":78,"column":33}},{"start":{"line":78,"column":37},"end":{"line":78,"column":57}}]},"8":{"loc":{"start":{"line":82,"column":8},"end":{"line":85,"column":null}},"type":"if","locations":[{"start":{"line":82,"column":8},"end":{"line":85,"column":null}}]},"9":{"loc":{"start":{"line":105,"column":12},"end":{"line":107,"column":19}},"type":"cond-expr","locations":[{"start":{"line":106,"column":18},"end":{"line":106,"column":19}},{"start":{"line":107,"column":18},"end":{"line":107,"column":19}}]},"10":{"loc":{"start":{"line":105,"column":12},"end":{"line":105,"column":75}},"type":"binary-expr","locations":[{"start":{"line":105,"column":12},"end":{"line":105,"column":32}},{"start":{"line":105,"column":36},"end":{"line":105,"column":75}}]},"11":{"loc":{"start":{"line":117,"column":12},"end":{"line":124,"column":null}},"type":"if","locations":[{"start":{"line":117,"column":12},"end":{"line":124,"column":null}}]},"12":{"loc":{"start":{"line":129,"column":8},"end":{"line":137,"column":null}},"type":"if","locations":[{"start":{"line":129,"column":8},"end":{"line":137,"column":null}}]},"13":{"loc":{"start":{"line":131,"column":12},"end":{"line":134,"column":null}},"type":"if","locations":[{"start":{"line":131,"column":12},"end":{"line":134,"column":null}}]}},"s":{"0":1,"1":1,"2":1,"3":1,"4":1,"5":1,"6":1,"7":10,"8":1,"9":9,"10":1,"11":8,"12":1,"13":7,"14":1,"15":7,"16":1,"17":6,"18":1,"19":6,"20":1,"21":5,"22":1,"23":5,"24":1,"25":4,"26":1,"27":4,"28":4,"29":1,"30":13,"31":13,"32":13,"33":4,"34":3,"35":3,"36":1,"37":1,"38":6,"39":6,"40":6,"41":6,"42":6,"43":10,"44":10,"45":10,"46":10,"47":60,"48":41,"49":19,"50":10,"51":6,"52":5,"53":5,"54":1,"55":1},"f":{"0":10,"1":9,"2":7,"3":6,"4":5,"5":4,"6":13,"7":13,"8":6,"9":6,"10":60},"b":{"0":[1],"1":[1],"2":[1],"3":[1],"4":[1],"5":[4,4],"6":[10],"7":[13,0],"8":[3],"9":[10,0],"10":[10,0],"11":[41],"12":[6],"13":[5]}}
,"J:\\APPS\\GITHUB-ACTIONS\\upload-pages-artifact\\src\\deploy.ts": {"path":"J:\\APPS\\GITHUB-ACTIONS\\upload-pages-artifact\\src\\deploy.ts","statementMap":{"0":{"start":{"line":1,"column":0},"end":{"line":1,"column":37}},"1":{"start":{"line":2,"column":0},"end":{"line":2,"column":42}},"2":{"start":{"line":4,"column":0},"end":{"line":4,"column":null}},"3":{"start":{"line":10,"column":0},"end":{"line":10,"column":44}},"4":{"start":{"line":11,"column":0},"end":{"line":11,"column":50}},"5":{"start":{"line":13,"column":27},"end":{"line":20,"column":1}},"6":{"start":{"line":17,"column":4},"end":{"line":19,"column":6}},"7":{"start":{"line":13,"column":13},"end":{"line":13,"column":27}},"8":{"start":{"line":22,"column":39},"end":{"line":53,"column":1}},"9":{"start":{"line":26,"column":4},"end":{"line":52,"column":null}},"10":{"start":{"line":27,"column":8},"end":{"line":49,"column":null}},"11":{"start":{"line":28,"column":26},"end":{"line":28,"column":28}},"12":{"start":{"line":29,"column":12},"end":{"line":36,"column":null}},"13":{"start":{"line":33,"column":16},"end":{"line":33,"column":55}},"14":{"start":{"line":35,"column":16},"end":{"line":35,"column":56}},"15":{"start":{"line":37,"column":12},"end":{"line":40,"column":14}},"16":{"start":{"line":41,"column":15},"end":{"line":49,"column":null}},"17":{"start":{"line":42,"column":12},"end":{"line":42,"column":73}},"18":{"start":{"line":43,"column":15},"end":{"line":49,"column":null}},"19":{"start":{"line":44,"column":12},"end":{"line":44,"column":73}},"20":{"start":{"line":45,"column":15},"end":{"line":49,"column":null}},"21":{"start":{"line":46,"column":12},"end":{"line":46,"column":73}},"22":{"start":{"line":48,"column":12},"end":{"line":48,"column":53}},"23":{"start":{"line":51,"column":8},"end":{"line":51,"column":20}},"24":{"start":{"line":22,"column":13},"end":{"line":22,"column":39}},"25":{"start":{"line":55,"column":32},"end":{"line":98,"column":2}},"26":{"start":{"line":58,"column":37},"end":{"line":98,"column":2}},"27":{"start":{"line":59,"column":4},"end":{"line":97,"column":null}},"28":{"start":{"line":60,"column":8},"end":{"line":60,"column":42}},"29":{"start":{"line":61,"column":8},"end":{"line":61,"column":45}},"30":{"start":{"line":63,"column":8},"end":{"line":65,"column":null}},"31":{"start":{"line":64,"column":12},"end":{"line":64,"column":52}},"32":{"start":{"line":67,"column":28},"end":{"line":67,"column":69}},"33":{"start":{"line":69,"column":24},"end":{"line":73,"column":10}},"34":{"start":{"line":75,"column":8},"end":{"line":81,"column":10}},"35":{"start":{"line":83,"column":25},"end":{"line":85,"column":10}},"36":{"start":{"line":87,"column":8},"end":{"line":87,"column":60}},"37":{"start":{"line":94,"column":8},"end":{"line":94,"column":29}},"38":{"start":{"line":96,"column":8},"end":{"line":96,"column":67}},"39":{"start":{"line":55,"column":13},"end":{"line":55,"column":32}}},"fnMap":{"0":{"name":"(anonymous_8)","decl":{"start":{"line":13,"column":27},"end":{"line":13,"column":null}},"loc":{"start":{"line":16,"column":11},"end":{"line":20,"column":1}}},"1":{"name":"(anonymous_9)","decl":{"start":{"line":22,"column":39},"end":{"line":22,"column":null}},"loc":{"start":{"line":24,"column":10},"end":{"line":53,"column":1}}},"2":{"name":"(anonymous_10)","decl":{"start":{"line":55,"column":32},"end":{"line":55,"column":null}},"loc":{"start":{"line":58,"column":37},"end":{"line":98,"column":2}}},"3":{"name":"(anonymous_11)","decl":{"start":{"line":58,"column":37},"end":{"line":58,"column":null}},"loc":{"start":{"line":58,"column":37},"end":{"line":98,"column":1}}}},"branchMap":{"0":{"loc":{"start":{"line":26,"column":4},"end":{"line":52,"column":null}},"type":"if","locations":[{"start":{"line":26,"column":4},"end":{"line":52,"column":null}},{"start":{"line":50,"column":11},"end":{"line":52,"column":null}}]},"1":{"loc":{"start":{"line":27,"column":8},"end":{"line":49,"column":null}},"type":"if","locations":[{"start":{"line":27,"column":8},"end":{"line":49,"column":null}},{"start":{"line":41,"column":15},"end":{"line":49,"column":null}}]},"2":{"loc":{"start":{"line":29,"column":12},"end":{"line":36,"column":null}},"type":"if","locations":[{"start":{"line":29,"column":12},"end":{"line":36,"column":null}},{"start":{"line":34,"column":19},"end":{"line":36,"column":null}}]},"3":{"loc":{"start":{"line":30,"column":16},"end":{"line":31,"column":null}},"type":"binary-expr","locations":[{"start":{"line":30,"column":16},"end":{"line":30,"column":55}},{"start":{"line":31,"column":16},"end":{"line":31,"column":44}}]},"4":{"loc":{"start":{"line":31,"column":16},"end":{"line":31,"column":44}},"type":"cond-expr","locations":[{"start":{"line":31,"column":35},"end":{"line":31,"column":37}},{"start":{"line":31,"column":35},"end":{"line":31,"column":44}}]},"5":{"loc":{"start":{"line":31,"column":16},"end":{"line":31,"column":37}},"type":"binary-expr","locations":[{"start":{"line":31,"column":16},"end":{"line":31,"column":37}},{"start":{"line":31,"column":35},"end":{"line":31,"column":37}}]},"6":{"loc":{"start":{"line":33,"column":26},"end":{"line":33,"column":54}},"type":"cond-expr","locations":[{"start":{"line":33,"column":45},"end":{"line":33,"column":47}},{"start":{"line":33,"column":45},"end":{"line":33,"column":54}}]},"7":{"loc":{"start":{"line":33,"column":26},"end":{"line":33,"column":47}},"type":"binary-expr","locations":[{"start":{"line":33,"column":26},"end":{"line":33,"column":47}},{"start":{"line":33,"column":45},"end":{"line":33,"column":47}}]},"8":{"loc":{"start":{"line":41,"column":15},"end":{"line":49,"column":null}},"type":"if","locations":[{"start":{"line":41,"column":15},"end":{"line":49,"column":null}},{"start":{"line":43,"column":15},"end":{"line":49,"column":null}}]},"9":{"loc":{"start":{"line":43,"column":15},"end":{"line":49,"column":null}},"type":"if","locations":[{"start":{"line":43,"column":15},"end":{"line":49,"column":null}},{"start":{"line":45,"column":15},"end":{"line":49,"column":null}}]},"10":{"loc":{"start":{"line":45,"column":15},"end":{"line":49,"column":null}},"type":"if","locations":[{"start":{"line":45,"column":15},"end":{"line":49,"column":null}},{"start":{"line":47,"column":15},"end":{"line":49,"column":null}}]},"11":{"loc":{"start":{"line":63,"column":8},"end":{"line":65,"column":null}},"type":"if","locations":[{"start":{"line":63,"column":8},"end":{"line":65,"column":null}}]},"12":{"loc":{"start":{"line":63,"column":12},"end":{"line":63,"column":38}},"type":"binary-expr","locations":[{"start":{"line":63,"column":12},"end":{"line":63,"column":21}},{"start":{"line":63,"column":25},"end":{"line":63,"column":38}}]}},"s":{"0":1,"1":1,"2":1,"3":1,"4":1,"5":1,"6":12,"7":1,"8":1,"9":8,"10":6,"11":2,"12":2,"13":1,"14":1,"15":2,"16":4,"17":1,"18":3,"19":1,"20":2,"21":1,"22":1,"23":2,"24":1,"25":1,"26":9,"27":9,"28":9,"29":9,"30":9,"31":1,"32":8,"33":8,"34":8,"35":8,"36":1,"37":1,"38":8,"39":1},"f":{"0":12,"1":8,"2":9,"3":9},"b":{"0":[6,2],"1":[2,4],"2":[1,1],"3":[2,1],"4":[0,1],"5":[1,1],"6":[0,1],"7":[1,1],"8":[1,3],"9":[1,2],"10":[1,1],"11":[1],"12":[9,9]}}
,"J:\\APPS\\GITHUB-ACTIONS\\upload-pages-artifact\\src\\index.ts": {"path":"J:\\APPS\\GITHUB-ACTIONS\\upload-pages-artifact\\src\\index.ts","statementMap":{"0":{"start":{"line":1,"column":0},"end":{"line":1,"column":55}},"1":{"start":{"line":2,"column":0},"end":{"line":2,"column":40}},"2":{"start":{"line":3,"column":0},"end":{"line":3,"column":44}},"3":{"start":{"line":4,"column":0},"end":{"line":4,"column":48}},"4":{"start":{"line":5,"column":0},"end":{"line":5,"column":77}},"5":{"start":{"line":6,"column":0},"end":{"line":6,"column":58}},"6":{"start":{"line":7,"column":0},"end":{"line":7,"column":50}},"7":{"start":{"line":8,"column":0},"end":{"line":8,"column":44}},"8":{"start":{"line":11,"column":4},"end":{"line":11,"column":29}},"9":{"start":{"line":12,"column":4},"end":{"line":12,"column":75}},"10":{"start":{"line":15,"column":13},"end":{"line":65,"column":2}},"11":{"start":{"line":15,"column":39},"end":{"line":65,"column":2}},"12":{"start":{"line":16,"column":4},"end":{"line":64,"column":null}},"13":{"start":{"line":18,"column":28},"end":{"line":18,"column":44}},"14":{"start":{"line":20,"column":8},"end":{"line":24,"column":null}},"15":{"start":{"line":21,"column":12},"end":{"line":23,"column":14}},"16":{"start":{"line":26,"column":24},"end":{"line":26,"column":47}},"17":{"start":{"line":28,"column":8},"end":{"line":30,"column":null}},"18":{"start":{"line":29,"column":12},"end":{"line":29,"column":55}},"19":{"start":{"line":32,"column":25},"end":{"line":32,"column":61}},"20":{"start":{"line":34,"column":8},"end":{"line":43,"column":null}},"21":{"start":{"line":35,"column":12},"end":{"line":35,"column":41}},"22":{"start":{"line":37,"column":12},"end":{"line":42,"column":14}},"23":{"start":{"line":45,"column":27},"end":{"line":45,"column":68}},"24":{"start":{"line":47,"column":8},"end":{"line":55,"column":null}},"25":{"start":{"line":48,"column":12},"end":{"line":48,"column":55}},"26":{"start":{"line":50,"column":12},"end":{"line":50,"column":52}},"27":{"start":{"line":52,"column":12},"end":{"line":52,"column":41}},"28":{"start":{"line":54,"column":12},"end":{"line":54,"column":43}},"29":{"start":{"line":57,"column":20},"end":{"line":57,"column":30}},"30":{"start":{"line":59,"column":8},"end":{"line":59,"column":38}},"31":{"start":{"line":61,"column":8},"end":{"line":61,"column":35}},"32":{"start":{"line":63,"column":8},"end":{"line":63,"column":57}},"33":{"start":{"line":68,"column":0},"end":{"line":68,"column":36}},"34":{"start":{"line":69,"column":0},"end":{"line":69,"column":37}},"35":{"start":{"line":71,"column":0},"end":{"line":71,"column":22}}},"fnMap":{"0":{"name":"cancelHandler","decl":{"start":{"line":10,"column":15},"end":{"line":10,"column":28}},"loc":{"start":{"line":10,"column":66},"end":{"line":13,"column":null}}},"1":{"name":"(anonymous_15)","decl":{"start":{"line":15,"column":13},"end":{"line":15,"column":37}},"loc":{"start":{"line":15,"column":39},"end":{"line":65,"column":2}}},"2":{"name":"(anonymous_16)","decl":{"start":{"line":15,"column":39},"end":{"line":15,"column":null}},"loc":{"start":{"line":15,"column":39},"end":{"line":65,"column":1}}}},"branchMap":{"0":{"loc":{"start":{"line":12,"column":17},"end":{"line":12,"column":73}},"type":"cond-expr","locations":[{"start":{"line":12,"column":48},"end":{"line":12,"column":49}},{"start":{"line":12,"column":52},"end":{"line":12,"column":73}}]},"1":{"loc":{"start":{"line":20,"column":8},"end":{"line":24,"column":null}},"type":"if","locations":[{"start":{"line":20,"column":8},"end":{"line":24,"column":null}}]},"2":{"loc":{"start":{"line":28,"column":8},"end":{"line":30,"column":null}},"type":"if","locations":[{"start":{"line":28,"column":8},"end":{"line":30,"column":null}}]},"3":{"loc":{"start":{"line":34,"column":8},"end":{"line":43,"column":null}},"type":"if","locations":[{"start":{"line":34,"column":8},"end":{"line":43,"column":null}}]},"4":{"loc":{"start":{"line":47,"column":8},"end":{"line":55,"column":null}},"type":"if","locations":[{"start":{"line":47,"column":8},"end":{"line":55,"column":null}}]}},"s":{"0":6,"1":6,"2":6,"3":6,"4":6,"5":6,"6":6,"7":6,"8":0,"9":0,"10":6,"11":6,"12":6,"13":6,"14":6,"15":1,"16":5,"17":5,"18":1,"19":4,"20":4,"21":1,"22":1,"23":3,"24":2,"25":2,"26":2,"27":1,"28":1,"29":5,"30":5,"31":5,"32":5,"33":6,"34":6,"35":6},"f":{"0":0,"1":6,"2":6},"b":{"0":[0,0],"1":[1],"2":[1],"3":[1],"4":[2]}}
,"J:\\APPS\\GITHUB-ACTIONS\\upload-pages-artifact\\src\\types.ts": {"path":"J:\\APPS\\GITHUB-ACTIONS\\upload-pages-artifact\\src\\types.ts","statementMap":{"0":{"start":{"line":22,"column":0},"end":{"line":22,"column":null}},"1":{"start":{"line":23,"column":4},"end":{"line":23,"column":null}},"2":{"start":{"line":24,"column":4},"end":{"line":24,"column":null}},"3":{"start":{"line":25,"column":4},"end":{"line":25,"column":null}}},"fnMap":{"0":{"name":"(anonymous_0)","decl":{"start":{"line":22,"column":0},"end":{"line":22,"column":12}},"loc":{"start":{"line":22,"column":26},"end":{"line":26,"column":1}}}},"branchMap":{"0":{"loc":{"start":{"line":22,"column":12},"end":{"line":22,"column":null}},"type":"binary-expr","locations":[{"start":{"line":22,"column":12},"end":{"line":22,"column":26}},{"start":{"line":22,"column":12},"end":{"line":22,"column":null}}]}},"s":{"0":5,"1":5,"2":5,"3":5},"f":{"0":5},"b":{"0":[5,5]}}
,"J:\\APPS\\GITHUB-ACTIONS\\upload-pages-artifact\\src\\api\\index.ts": {"path":"J:\\APPS\\GITHUB-ACTIONS\\upload-pages-artifact\\src\\api\\index.ts","statementMap":{"0":{"start":{"line":1,"column":0},"end":{"line":1,"column":26}},"1":{"start":{"line":2,"column":0},"end":{"line":2,"column":45}},"2":{"start":{"line":3,"column":0},"end":{"line":3,"column":36}},"3":{"start":{"line":6,"column":22},"end":{"line":6,"column":65}},"4":{"start":{"line":6,"column":28},"end":{"line":6,"column":65}},"5":{"start":{"line":6,"column":13},"end":{"line":6,"column":22}},"6":{"start":{"line":10,"column":30},"end":{"line":25,"column":2}},"7":{"start":{"line":13,"column":25},"end":{"line":25,"column":2}},"8":{"start":{"line":14,"column":21},"end":{"line":18,"column":6}},"9":{"start":{"line":20,"column":4},"end":{"line":22,"column":null}},"10":{"start":{"line":21,"column":8},"end":{"line":21,"column":39}},"11":{"start":{"line":24,"column":4},"end":{"line":24,"column":14}},"12":{"start":{"line":10,"column":13},"end":{"line":10,"column":30}},"13":{"start":{"line":27,"column":30},"end":{"line":42,"column":2}},"14":{"start":{"line":30,"column":32},"end":{"line":42,"column":2}},"15":{"start":{"line":31,"column":21},"end":{"line":35,"column":6}},"16":{"start":{"line":37,"column":4},"end":{"line":39,"column":null}},"17":{"start":{"line":38,"column":8},"end":{"line":38,"column":39}},"18":{"start":{"line":41,"column":4},"end":{"line":41,"column":16}},"19":{"start":{"line":27,"column":13},"end":{"line":27,"column":30}},"20":{"start":{"line":44,"column":30},"end":{"line":67,"column":2}},"21":{"start":{"line":48,"column":33},"end":{"line":67,"column":2}},"22":{"start":{"line":49,"column":4},"end":{"line":51,"column":null}},"23":{"start":{"line":50,"column":8},"end":{"line":50,"column":25}},"24":{"start":{"line":53,"column":22},"end":{"line":53,"column":55}},"25":{"start":{"line":55,"column":4},"end":{"line":57,"column":null}},"26":{"start":{"line":56,"column":8},"end":{"line":56,"column":25}},"27":{"start":{"line":59,"column":21},"end":{"line":63,"column":null}},"28":{"start":{"line":61,"column":12},"end":{"line":63,"column":57}},"29":{"start":{"line":66,"column":4},"end":{"line":66,"column":46}},"30":{"start":{"line":44,"column":13},"end":{"line":44,"column":30}},"31":{"start":{"line":69,"column":33},"end":{"line":82,"column":2}},"32":{"start":{"line":73,"column":23},"end":{"line":82,"column":2}},"33":{"start":{"line":74,"column":21},"end":{"line":79,"column":6}},"34":{"start":{"line":81,"column":4},"end":{"line":81,"column":68}},"35":{"start":{"line":81,"column":60},"end":{"line":81,"column":66}},"36":{"start":{"line":69,"column":13},"end":{"line":69,"column":33}},"37":{"start":{"line":84,"column":35},"end":{"line":94,"column":2}},"38":{"start":{"line":86,"column":37},"end":{"line":94,"column":2}},"39":{"start":{"line":87,"column":21},"end":{"line":91,"column":6}},"40":{"start":{"line":93,"column":4},"end":{"line":93,"column":32}},"41":{"start":{"line":84,"column":13},"end":{"line":84,"column":35}}},"fnMap":{"0":{"name":"(anonymous_8)","decl":{"start":{"line":6,"column":22},"end":{"line":6,"column":25}},"loc":{"start":{"line":6,"column":28},"end":{"line":6,"column":65}}},"1":{"name":"(anonymous_9)","decl":{"start":{"line":10,"column":30},"end":{"line":10,"column":null}},"loc":{"start":{"line":13,"column":25},"end":{"line":25,"column":2}}},"2":{"name":"(anonymous_10)","decl":{"start":{"line":13,"column":25},"end":{"line":13,"column":null}},"loc":{"start":{"line":13,"column":25},"end":{"line":25,"column":1}}},"3":{"name":"(anonymous_11)","decl":{"start":{"line":27,"column":30},"end":{"line":27,"column":null}},"loc":{"start":{"line":30,"column":32},"end":{"line":42,"column":2}}},"4":{"name":"(anonymous_12)","decl":{"start":{"line":30,"column":32},"end":{"line":30,"column":null}},"loc":{"start":{"line":30,"column":32},"end":{"line":42,"column":1}}},"5":{"name":"(anonymous_13)","decl":{"start":{"line":44,"column":30},"end":{"line":44,"column":null}},"loc":{"start":{"line":48,"column":33},"end":{"line":67,"column":2}}},"6":{"name":"(anonymous_14)","decl":{"start":{"line":48,"column":33},"end":{"line":48,"column":null}},"loc":{"start":{"line":48,"column":33},"end":{"line":67,"column":1}}},"7":{"name":"(anonymous_15)","decl":{"start":{"line":60,"column":8},"end":{"line":60,"column":9}},"loc":{"start":{"line":61,"column":12},"end":{"line":63,"column":57}}},"8":{"name":"(anonymous_16)","decl":{"start":{"line":69,"column":33},"end":{"line":69,"column":null}},"loc":{"start":{"line":73,"column":23},"end":{"line":82,"column":2}}},"9":{"name":"(anonymous_17)","decl":{"start":{"line":73,"column":23},"end":{"line":73,"column":null}},"loc":{"start":{"line":73,"column":23},"end":{"line":82,"column":1}}},"10":{"name":"(anonymous_18)","decl":{"start":{"line":81,"column":51},"end":{"line":81,"column":52}},"loc":{"start":{"line":81,"column":60},"end":{"line":81,"column":66}}},"11":{"name":"(anonymous_19)","decl":{"start":{"line":84,"column":35},"end":{"line":84,"column":null}},"loc":{"start":{"line":86,"column":37},"end":{"line":94,"column":2}}},"12":{"name":"(anonymous_20)","decl":{"start":{"line":86,"column":37},"end":{"line":86,"column":null}},"loc":{"start":{"line":86,"column":37},"end":{"line":94,"column":1}}}},"branchMap":{"0":{"loc":{"start":{"line":20,"column":4},"end":{"line":22,"column":null}},"type":"if","locations":[{"start":{"line":20,"column":4},"end":{"line":22,"column":null}}]},"1":{"loc":{"start":{"line":37,"column":4},"end":{"line":39,"column":null}},"type":"if","locations":[{"start":{"line":37,"column":4},"end":{"line":39,"column":null}}]},"2":{"loc":{"start":{"line":49,"column":4},"end":{"line":51,"column":null}},"type":"if","locations":[{"start":{"line":49,"column":4},"end":{"line":51,"column":null}}]},"3":{"loc":{"start":{"line":55,"column":4},"end":{"line":57,"column":null}},"type":"if","locations":[{"start":{"line":55,"column":4},"end":{"line":57,"column":null}}]},"4":{"loc":{"start":{"line":55,"column":9},"end":{"line":55,"column":26}},"type":"cond-expr","locations":[{"start":{"line":55,"column":18},"end":{"line":55,"column":20}},{"start":{"line":55,"column":9},"end":{"line":55,"column":26}}]},"5":{"loc":{"start":{"line":55,"column":9},"end":{"line":55,"column":20}},"type":"binary-expr","locations":[{"start":{"line":55,"column":9},"end":{"line":55,"column":20}},{"start":{"line":55,"column":9},"end":{"line":55,"column":20}}]},"6":{"loc":{"start":{"line":61,"column":12},"end":{"line":63,"column":57}},"type":"binary-expr","locations":[{"start":{"line":61,"column":12},"end":{"line":61,"column":42}},{"start":{"line":62,"column":12},"end":{"line":62,"column":48}},{"start":{"line":63,"column":12},"end":{"line":63,"column":57}}]},"7":{"loc":{"start":{"line":66,"column":11},"end":{"line":66,"column":45}},"type":"cond-expr","locations":[{"start":{"line":66,"column":22},"end":{"line":66,"column":33}},{"start":{"line":66,"column":36},"end":{"line":66,"column":45}}]},"8":{"loc":{"start":{"line":81,"column":12},"end":{"line":81,"column":45}},"type":"binary-expr","locations":[{"start":{"line":81,"column":12},"end":{"line":81,"column":39}},{"start":{"line":81,"column":43},"end":{"line":81,"column":45}}]}},"s":{"0":3,"1":3,"2":3,"3":3,"4":48,"5":3,"6":3,"7":6,"8":6,"9":6,"10":5,"11":1,"12":3,"13":3,"14":10,"15":10,"16":10,"17":9,"18":1,"19":3,"20":3,"21":12,"22":12,"23":3,"24":9,"25":9,"26":1,"27":8,"28":8,"29":8,"30":3,"31":3,"32":6,"33":6,"34":6,"35":5,"36":3,"37":3,"38":14,"39":14,"40":10,"41":3},"f":{"0":48,"1":6,"2":6,"3":10,"4":10,"5":12,"6":12,"7":8,"8":6,"9":6,"10":5,"11":14,"12":14},"b":{"0":[5],"1":[9],"2":[3],"3":[1],"4":[1,8],"5":[9,8],"6":[8,3,2],"7":[7,1],"8":[6,0]}}
,"J:\\APPS\\GITHUB-ACTIONS\\upload-pages-artifact\\src\\input\\index.ts": {"path":"J:\\APPS\\GITHUB-ACTIONS\\upload-pages-artifact\\src\\input\\index.ts","statementMap":{"0":{"start":{"line":1,"column":0},"end":{"line":1,"column":41}},"1":{"start":{"line":4,"column":31},"end":{"line":10,"column":1}},"2":{"start":{"line":5,"column":19},"end":{"line":5,"column":37}},"3":{"start":{"line":7,"column":4},"end":{"line":9,"column":null}},"4":{"start":{"line":8,"column":8},"end":{"line":8,"column":52}},"5":{"start":{"line":4,"column":13},"end":{"line":4,"column":31}},"6":{"start":{"line":12,"column":30},"end":{"line":16,"column":1}},"7":{"start":{"line":13,"column":18},"end":{"line":13,"column":35}},"8":{"start":{"line":15,"column":4},"end":{"line":15,"column":34}},"9":{"start":{"line":12,"column":13},"end":{"line":12,"column":30}},"10":{"start":{"line":18,"column":31},"end":{"line":18,"column":70}},"11":{"start":{"line":18,"column":45},"end":{"line":18,"column":70}},"12":{"start":{"line":18,"column":13},"end":{"line":18,"column":31}},"13":{"start":{"line":20,"column":27},"end":{"line":21,"column":65}},"14":{"start":{"line":21,"column":5},"end":{"line":21,"column":54}},"15":{"start":{"line":20,"column":13},"end":{"line":20,"column":27}},"16":{"start":{"line":23,"column":31},"end":{"line":23,"column":69}},"17":{"start":{"line":23,"column":45},"end":{"line":23,"column":69}},"18":{"start":{"line":23,"column":13},"end":{"line":23,"column":31}},"19":{"start":{"line":25,"column":24},"end":{"line":25,"column":55}},"20":{"start":{"line":25,"column":38},"end":{"line":25,"column":55}},"21":{"start":{"line":25,"column":13},"end":{"line":25,"column":24}},"22":{"start":{"line":27,"column":26},"end":{"line":27,"column":67}},"23":{"start":{"line":27,"column":40},"end":{"line":27,"column":67}},"24":{"start":{"line":27,"column":13},"end":{"line":27,"column":26}},"25":{"start":{"line":29,"column":36},"end":{"line":30,"column":42}},"26":{"start":{"line":30,"column":4},"end":{"line":30,"column":42}},"27":{"start":{"line":29,"column":13},"end":{"line":29,"column":36}},"28":{"start":{"line":32,"column":29},"end":{"line":32,"column":74}},"29":{"start":{"line":32,"column":43},"end":{"line":32,"column":74}},"30":{"start":{"line":32,"column":13},"end":{"line":32,"column":29}},"31":{"start":{"line":34,"column":31},"end":{"line":34,"column":77}},"32":{"start":{"line":34,"column":45},"end":{"line":34,"column":77}},"33":{"start":{"line":34,"column":13},"end":{"line":34,"column":31}},"34":{"start":{"line":36,"column":29},"end":{"line":37,"column":45}},"35":{"start":{"line":37,"column":4},"end":{"line":37,"column":45}},"36":{"start":{"line":36,"column":13},"end":{"line":36,"column":29}},"37":{"start":{"line":39,"column":29},"end":{"line":39,"column":77}},"38":{"start":{"line":39,"column":43},"end":{"line":39,"column":77}},"39":{"start":{"line":39,"column":13},"end":{"line":39,"column":29}},"40":{"start":{"line":41,"column":28},"end":{"line":41,"column":77}},"41":{"start":{"line":41,"column":42},"end":{"line":41,"column":77}},"42":{"start":{"line":41,"column":13},"end":{"line":41,"column":28}},"43":{"start":{"line":43,"column":31},"end":{"line":44,"column":59}},"44":{"start":{"line":44,"column":4},"end":{"line":44,"column":59}},"45":{"start":{"line":43,"column":13},"end":{"line":43,"column":31}},"46":{"start":{"line":46,"column":32},"end":{"line":47,"column":66}},"47":{"start":{"line":47,"column":4},"end":{"line":47,"column":66}},"48":{"start":{"line":46,"column":13},"end":{"line":46,"column":32}},"49":{"start":{"line":49,"column":34},"end":{"line":50,"column":94}},"50":{"start":{"line":50,"column":4},"end":{"line":50,"column":94}},"51":{"start":{"line":49,"column":13},"end":{"line":49,"column":34}},"52":{"start":{"line":52,"column":34},"end":{"line":53,"column":94}},"53":{"start":{"line":53,"column":4},"end":{"line":53,"column":94}},"54":{"start":{"line":52,"column":13},"end":{"line":52,"column":34}},"55":{"start":{"line":55,"column":33},"end":{"line":56,"column":42}},"56":{"start":{"line":56,"column":4},"end":{"line":56,"column":42}},"57":{"start":{"line":55,"column":13},"end":{"line":55,"column":33}},"58":{"start":{"line":58,"column":30},"end":{"line":72,"column":1}},"59":{"start":{"line":59,"column":64},"end":{"line":67,"column":6}},"60":{"start":{"line":69,"column":4},"end":{"line":71,"column":6}},"61":{"start":{"line":70,"column":17},"end":{"line":70,"column":58}},"62":{"start":{"line":58,"column":13},"end":{"line":58,"column":30}}},"fnMap":{"0":{"name":"(anonymous_0)","decl":{"start":{"line":4,"column":31},"end":{"line":4,"column":49}},"loc":{"start":{"line":4,"column":51},"end":{"line":10,"column":1}}},"1":{"name":"(anonymous_1)","decl":{"start":{"line":12,"column":30},"end":{"line":12,"column":53}},"loc":{"start":{"line":12,"column":55},"end":{"line":16,"column":1}}},"2":{"name":"(anonymous_2)","decl":{"start":{"line":18,"column":31},"end":{"line":18,"column":42}},"loc":{"start":{"line":18,"column":45},"end":{"line":18,"column":70}}},"3":{"name":"(anonymous_3)","decl":{"start":{"line":20,"column":27},"end":{"line":20,"column":38}},"loc":{"start":{"line":21,"column":5},"end":{"line":21,"column":54}}},"4":{"name":"(anonymous_4)","decl":{"start":{"line":23,"column":31},"end":{"line":23,"column":42}},"loc":{"start":{"line":23,"column":45},"end":{"line":23,"column":69}}},"5":{"name":"(anonymous_5)","decl":{"start":{"line":25,"column":24},"end":{"line":25,"column":35}},"loc":{"start":{"line":25,"column":38},"end":{"line":25,"column":55}}},"6":{"name":"(anonymous_6)","decl":{"start":{"line":27,"column":26},"end":{"line":27,"column":37}},"loc":{"start":{"line":27,"column":40},"end":{"line":27,"column":67}}},"7":{"name":"(anonymous_7)","decl":{"start":{"line":29,"column":36},"end":{"line":29,"column":47}},"loc":{"start":{"line":30,"column":4},"end":{"line":30,"column":42}}},"8":{"name":"(anonymous_8)","decl":{"start":{"line":32,"column":29},"end":{"line":32,"column":40}},"loc":{"start":{"line":32,"column":43},"end":{"line":32,"column":74}}},"9":{"name":"(anonymous_9)","decl":{"start":{"line":34,"column":31},"end":{"line":34,"column":42}},"loc":{"start":{"line":34,"column":45},"end":{"line":34,"column":77}}},"10":{"name":"(anonymous_10)","decl":{"start":{"line":36,"column":29},"end":{"line":36,"column":40}},"loc":{"start":{"line":37,"column":4},"end":{"line":37,"column":45}}},"11":{"name":"(anonymous_11)","decl":{"start":{"line":39,"column":29},"end":{"line":39,"column":40}},"loc":{"start":{"line":39,"column":43},"end":{"line":39,"column":77}}},"12":{"name":"(anonymous_12)","decl":{"start":{"line":41,"column":28},"end":{"line":41,"column":39}},"loc":{"start":{"line":41,"column":42},"end":{"line":41,"column":77}}},"13":{"name":"(anonymous_13)","decl":{"start":{"line":43,"column":31},"end":{"line":43,"column":42}},"loc":{"start":{"line":43,"column":44},"end":{"line":44,"column":59}}},"14":{"name":"(anonymous_14)","decl":{"start":{"line":46,"column":32},"end":{"line":46,"column":43}},"loc":{"start":{"line":47,"column":4},"end":{"line":47,"column":66}}},"15":{"name":"(anonymous_15)","decl":{"start":{"line":49,"column":34},"end":{"line":49,"column":45}},"loc":{"start":{"line":50,"column":4},"end":{"line":50,"column":94}}},"16":{"name":"(anonymous_16)","decl":{"start":{"line":52,"column":34},"end":{"line":52,"column":45}},"loc":{"start":{"line":53,"column":4},"end":{"line":53,"column":94}}},"17":{"name":"(anonymous_17)","decl":{"start":{"line":55,"column":33},"end":{"line":55,"column":52}},"loc":{"start":{"line":56,"column":4},"end":{"line":56,"column":42}}},"18":{"name":"(anonymous_18)","decl":{"start":{"line":58,"column":30},"end":{"line":58,"column":43}},"loc":{"start":{"line":58,"column":45},"end":{"line":72,"column":1}}},"19":{"name":"(anonymous_19)","decl":{"start":{"line":70,"column":8},"end":{"line":70,"column":9}},"loc":{"start":{"line":70,"column":17},"end":{"line":70,"column":58}}}},"branchMap":{"0":{"loc":{"start":{"line":7,"column":4},"end":{"line":9,"column":null}},"type":"if","locations":[{"start":{"line":7,"column":4},"end":{"line":9,"column":null}}]},"1":{"loc":{"start":{"line":15,"column":11},"end":{"line":15,"column":33}},"type":"cond-expr","locations":[{"start":{"line":15,"column":19},"end":{"line":15,"column":28}},{"start":{"line":15,"column":31},"end":{"line":15,"column":33}}]},"2":{"loc":{"start":{"line":21,"column":5},"end":{"line":21,"column":54}},"type":"binary-expr","locations":[{"start":{"line":21,"column":5},"end":{"line":21,"column":21}},{"start":{"line":21,"column":25},"end":{"line":21,"column":54}}]},"3":{"loc":{"start":{"line":44,"column":4},"end":{"line":44,"column":58}},"type":"cond-expr","locations":[{"start":{"line":44,"column":30},"end":{"line":44,"column":34}},{"start":{"line":44,"column":34},"end":{"line":44,"column":58}}]},"4":{"loc":{"start":{"line":44,"column":4},"end":{"line":44,"column":34}},"type":"binary-expr","locations":[{"start":{"line":44,"column":4},"end":{"line":44,"column":34}},{"start":{"line":44,"column":30},"end":{"line":44,"column":34}}]},"5":{"loc":{"start":{"line":60,"column":23},"end":{"line":60,"column":53}},"type":"binary-expr","locations":[{"start":{"line":60,"column":23},"end":{"line":60,"column":40}},{"start":{"line":60,"column":44},"end":{"line":60,"column":53}}]},"6":{"loc":{"start":{"line":66,"column":22},"end":{"line":66,"column":45}},"type":"binary-expr","locations":[{"start":{"line":66,"column":22},"end":{"line":66,"column":32}},{"start":{"line":66,"column":36},"end":{"line":66,"column":45}}]}},"s":{"0":6,"1":6,"2":9,"3":9,"4":4,"5":6,"6":6,"7":1,"8":1,"9":6,"10":6,"11":15,"12":6,"13":6,"14":32,"15":6,"16":6,"17":8,"18":6,"19":6,"20":70,"21":6,"22":6,"23":1,"24":6,"25":6,"26":1,"27":6,"28":6,"29":1,"30":6,"31":6,"32":36,"33":6,"34":6,"35":6,"36":6,"37":6,"38":15,"39":6,"40":6,"41":15,"42":6,"43":6,"44":20,"45":6,"46":6,"47":10,"48":6,"49":6,"50":3,"51":6,"52":6,"53":6,"54":6,"55":6,"56":0,"57":6,"58":6,"59":7,"60":7,"61":49,"62":6},"f":{"0":9,"1":1,"2":15,"3":32,"4":8,"5":70,"6":1,"7":1,"8":1,"9":36,"10":6,"11":15,"12":15,"13":20,"14":10,"15":3,"16":6,"17":0,"18":7,"19":49},"b":{"0":[4],"1":[1,0],"2":[32,0],"3":[6,14],"4":[20,20],"5":[7,1],"6":[7,2]}}
,"J:\\APPS\\GITHUB-ACTIONS\\upload-pages-artifact\\src\\utils\\error-messages.ts": {"path":"J:\\APPS\\GITHUB-ACTIONS\\upload-pages-artifact\\src\\utils\\error-messages.ts","statementMap":{"0":{"start":{"line":3,"column":13},"end":{"line":31,"column":2}}},"fnMap":{},"branchMap":{},"s":{"0":9},"f":{},"b":{}}
,"J:\\APPS\\GITHUB-ACTIONS\\upload-pages-artifact\\src\\utils\\index.ts": {"path":"J:\\APPS\\GITHUB-ACTIONS\\upload-pages-artifact\\src\\utils\\index.ts","statementMap":{"0":{"start":{"line":1,"column":0},"end":{"line":1,"column":42}},"1":{"start":{"line":2,"column":0},"end":{"line":2,"column":80}},"2":{"start":{"line":3,"column":0},"end":{"line":3,"column":36}},"3":{"start":{"line":5,"column":31},"end":{"line":11,"column":2}},"4":{"start":{"line":5,"column":71},"end":{"line":11,"column":2}},"5":{"start":{"line":6,"column":4},"end":{"line":10,"column":null}},"6":{"start":{"line":7,"column":8},"end":{"line":7,"column":34}},"7":{"start":{"line":9,"column":8},"end":{"line":9,"column":42}},"8":{"start":{"line":5,"column":13},"end":{"line":5,"column":31}},"9":{"start":{"line":13,"column":33},"end":{"line":17,"column":2}},"10":{"start":{"line":13,"column":40},"end":{"line":17,"column":2}},"11":{"start":{"line":13,"column":13},"end":{"line":13,"column":33}},"12":{"start":{"line":19,"column":30},"end":{"line":37,"column":1}},"13":{"start":{"line":23,"column":4},"end":{"line":36,"column":null}},"14":{"start":{"line":25,"column":12},"end":{"line":25,"column":31}},"15":{"start":{"line":26,"column":12},"end":{"line":26,"column":18}},"16":{"start":{"line":28,"column":12},"end":{"line":28,"column":29}},"17":{"start":{"line":29,"column":12},"end":{"line":29,"column":48}},"18":{"start":{"line":30,"column":12},"end":{"line":30,"column":18}},"19":{"start":{"line":33,"column":12},"end":{"line":33,"column":26}},"20":{"start":{"line":34,"column":12},"end":{"line":34,"column":48}},"21":{"start":{"line":35,"column":12},"end":{"line":35,"column":18}},"22":{"start":{"line":19,"column":13},"end":{"line":19,"column":30}},"23":{"start":{"line":39,"column":20},"end":{"line":39,"column":65}},"24":{"start":{"line":39,"column":26},"end":{"line":39,"column":65}},"25":{"start":{"line":39,"column":45},"end":{"line":39,"column":64}},"26":{"start":{"line":39,"column":13},"end":{"line":39,"column":20}},"27":{"start":{"line":41,"column":21},"end":{"line":42,"column":47}},"28":{"start":{"line":42,"column":4},"end":{"line":42,"column":47}},"29":{"start":{"line":42,"column":23},"end":{"line":42,"column":46}},"30":{"start":{"line":41,"column":13},"end":{"line":41,"column":21}},"31":{"start":{"line":44,"column":30},"end":{"line":50,"column":14}},"32":{"start":{"line":45,"column":5},"end":{"line":50,"column":13}},"33":{"start":{"line":44,"column":13},"end":{"line":44,"column":30}}},"fnMap":{"0":{"name":"(anonymous_7)","decl":{"start":{"line":5,"column":31},"end":{"line":5,"column":69}},"loc":{"start":{"line":5,"column":71},"end":{"line":11,"column":2}}},"1":{"name":"(anonymous_8)","decl":{"start":{"line":5,"column":71},"end":{"line":5,"column":null}},"loc":{"start":{"line":5,"column":71},"end":{"line":11,"column":1}}},"2":{"name":"(anonymous_9)","decl":{"start":{"line":13,"column":33},"end":{"line":13,"column":36}},"loc":{"start":{"line":13,"column":40},"end":{"line":17,"column":2}}},"3":{"name":"(anonymous_10)","decl":{"start":{"line":19,"column":30},"end":{"line":19,"column":null}},"loc":{"start":{"line":22,"column":4},"end":{"line":37,"column":1}}},"4":{"name":"(anonymous_11)","decl":{"start":{"line":39,"column":20},"end":{"line":39,"column":23}},"loc":{"start":{"line":39,"column":26},"end":{"line":39,"column":65}}},"5":{"name":"(anonymous_12)","decl":{"start":{"line":39,"column":38},"end":{"line":39,"column":39}},"loc":{"start":{"line":39,"column":45},"end":{"line":39,"column":64}}},"6":{"name":"(anonymous_13)","decl":{"start":{"line":41,"column":21},"end":{"line":41,"column":22}},"loc":{"start":{"line":42,"column":4},"end":{"line":42,"column":47}}},"7":{"name":"(anonymous_14)","decl":{"start":{"line":42,"column":16},"end":{"line":42,"column":17}},"loc":{"start":{"line":42,"column":23},"end":{"line":42,"column":46}}},"8":{"name":"(anonymous_15)","decl":{"start":{"line":44,"column":30},"end":{"line":44,"column":31}},"loc":{"start":{"line":45,"column":5},"end":{"line":50,"column":13}}}},"branchMap":{"0":{"loc":{"start":{"line":23,"column":4},"end":{"line":36,"column":null}},"type":"switch","locations":[{"start":{"line":24,"column":8},"end":{"line":26,"column":18}},{"start":{"line":27,"column":8},"end":{"line":30,"column":18}},{"start":{"line":31,"column":8},"end":{"line":31,"column":35}},{"start":{"line":32,"column":8},"end":{"line":35,"column":18}}]}},"s":{"0":5,"1":5,"2":5,"3":5,"4":2,"5":2,"6":2,"7":1,"8":5,"9":5,"10":13,"11":5,"12":5,"13":3,"14":1,"15":1,"16":1,"17":1,"18":1,"19":1,"20":1,"21":1,"22":5,"23":5,"24":13,"25":13,"26":5,"27":5,"28":14,"29":14,"30":5,"31":5,"32":8,"33":5},"f":{"0":2,"1":2,"2":13,"3":3,"4":13,"5":13,"6":14,"7":14,"8":8},"b":{"0":[1,1,1,1]}}
}
