TN:
SF:src\artifact.ts
FN:13,(anonymous_8)
FN:18,(anonymous_9)
FN:34,(anonymous_10)
FN:34,(anonymous_11)
FNF:4
FNH:4
FNDA:11,(anonymous_8)
FNDA:24,(anonymous_9)
FNDA:7,(anonymous_10)
FNDA:7,(anonymous_11)
DA:1,1
DA:2,1
DA:4,1
DA:5,1
DA:11,1
DA:13,1
DA:14,11
DA:15,11
DA:16,11
DA:18,11
DA:19,24
DA:23,14
DA:26,10
DA:27,2
DA:30,8
DA:34,7
DA:35,7
DA:36,7
DA:37,7
DA:38,7
DA:40,7
DA:41,7
DA:43,7
DA:44,6
DA:47,7
DA:48,3
DA:52,7
DA:54,7
DA:55,1
DA:59,6
DA:63,6
DA:64,1
DA:70,5
DA:72,5
DA:75,5
DA:77,5
DA:78,3
DA:80,3
DA:82,3
LF:39
LH:39
BRDA:19,0,0,14
BRDA:20,1,0,24
BRDA:20,1,1,21
BRDA:21,2,0,0
BRDA:21,2,1,21
BRDA:21,3,0,21
BRDA:21,3,1,21
BRDA:26,4,0,2
BRDA:26,5,0,10
BRDA:26,5,1,5
BRDA:26,6,0,0
BRDA:26,6,1,5
BRDA:26,7,0,5
BRDA:26,7,1,5
BRDA:43,8,0,6
BRDA:47,9,0,3
BRDA:54,10,0,1
BRDA:54,11,0,7
BRDA:54,11,1,6
BRDA:59,12,0,5
BRDA:59,12,1,1
BRDA:63,13,0,1
BRDA:63,14,0,6
BRDA:63,14,1,5
BRDA:63,14,2,5
BRDA:77,15,0,3
BRF:26
BRH:24
end_of_record
TN:
SF:src\cancel.ts
FN:7,(anonymous_8)
FN:7,(anonymous_9)
FNF:2
FNH:2
FNDA:2,(anonymous_8)
FNDA:2,(anonymous_9)
DA:1,8
DA:2,8
DA:4,8
DA:5,8
DA:7,8
DA:8,2
DA:9,2
DA:15,1
DA:17,1
DA:19,1
LF:10
LH:10
BRF:0
BRH:0
end_of_record
TN:
SF:src\check.ts
FN:14,(anonymous_7)
FN:18,(anonymous_8)
FN:33,(anonymous_9)
FN:43,(anonymous_10)
FN:52,(anonymous_11)
FN:63,(anonymous_12)
FN:72,(anonymous_13)
FN:75,(anonymous_14)
FN:91,(anonymous_15)
FN:91,(anonymous_16)
FN:116,(anonymous_17)
FNF:11
FNH:11
FNDA:10,(anonymous_7)
FNDA:9,(anonymous_8)
FNDA:7,(anonymous_9)
FNDA:6,(anonymous_10)
FNDA:5,(anonymous_11)
FNDA:4,(anonymous_12)
FNDA:13,(anonymous_13)
FNDA:13,(anonymous_14)
FNDA:6,(anonymous_15)
FNDA:6,(anonymous_16)
FNDA:60,(anonymous_17)
DA:1,1
DA:3,1
DA:4,1
DA:5,1
DA:6,1
DA:12,1
DA:14,1
DA:15,10
DA:18,1
DA:21,9
DA:23,1
DA:26,8
DA:28,1
DA:30,7
DA:33,1
DA:36,7
DA:38,1
DA:40,6
DA:43,1
DA:46,6
DA:47,1
DA:49,5
DA:52,1
DA:57,5
DA:58,1
DA:60,4
DA:63,1
DA:65,4
DA:69,4
DA:72,1
DA:75,13
DA:76,13
DA:77,13
DA:82,4
DA:83,3
DA:84,3
DA:87,1
DA:91,6
DA:92,6
DA:93,6
DA:95,6
DA:98,6
DA:100,10
DA:102,10
DA:104,10
DA:109,10
DA:117,60
DA:118,41
DA:126,19
DA:129,10
DA:131,6
DA:132,5
DA:133,5
DA:136,1
LF:54
LH:54
BRDA:21,0,0,1
BRDA:26,1,0,1
BRDA:36,2,0,1
BRDA:46,3,0,1
BRDA:57,4,0,1
BRDA:66,5,0,4
BRDA:66,5,1,4
BRDA:74,6,0,10
BRDA:78,7,0,13
BRDA:78,7,1,0
BRDA:82,8,0,3
BRDA:105,9,0,10
BRDA:105,9,1,0
BRDA:105,10,0,10
BRDA:105,10,1,0
BRDA:117,11,0,41
BRDA:129,12,0,6
BRDA:131,13,0,5
BRF:18
BRH:15
end_of_record
TN:
SF:src\deploy.ts
FN:13,(anonymous_8)
FN:22,(anonymous_9)
FN:55,(anonymous_10)
FN:58,(anonymous_11)
FNF:4
FNH:4
FNDA:12,(anonymous_8)
FNDA:8,(anonymous_9)
FNDA:9,(anonymous_10)
FNDA:9,(anonymous_11)
DA:1,1
DA:2,1
DA:4,1
DA:10,1
DA:11,1
DA:13,1
DA:17,12
DA:22,1
DA:26,8
DA:27,6
DA:28,2
DA:29,2
DA:33,1
DA:35,1
DA:37,2
DA:41,4
DA:42,1
DA:43,3
DA:44,1
DA:45,2
DA:46,1
DA:48,1
DA:51,2
DA:55,1
DA:58,9
DA:59,9
DA:60,9
DA:61,9
DA:63,9
DA:64,1
DA:67,8
DA:69,8
DA:75,8
DA:83,8
DA:87,1
DA:94,1
DA:96,8
LF:37
LH:37
BRDA:26,0,0,6
BRDA:26,0,1,2
BRDA:27,1,0,2
BRDA:27,1,1,4
BRDA:29,2,0,1
BRDA:29,2,1,1
BRDA:30,3,0,2
BRDA:30,3,1,1
BRDA:31,4,0,0
BRDA:31,4,1,1
BRDA:31,5,0,1
BRDA:31,5,1,1
BRDA:33,6,0,0
BRDA:33,6,1,1
BRDA:33,7,0,1
BRDA:33,7,1,1
BRDA:41,8,0,1
BRDA:41,8,1,3
BRDA:43,9,0,1
BRDA:43,9,1,2
BRDA:45,10,0,1
BRDA:45,10,1,1
BRDA:63,11,0,1
BRDA:63,12,0,9
BRDA:63,12,1,9
BRF:25
BRH:23
end_of_record
TN:
SF:src\index.ts
FN:10,cancelHandler
FN:15,(anonymous_15)
FN:15,(anonymous_16)
FNF:3
FNH:2
FNDA:0,cancelHandler
FNDA:6,(anonymous_15)
FNDA:6,(anonymous_16)
DA:1,6
DA:2,6
DA:3,6
DA:4,6
DA:5,6
DA:6,6
DA:7,6
DA:8,6
DA:11,0
DA:12,0
DA:15,6
DA:16,6
DA:18,6
DA:20,6
DA:21,1
DA:26,5
DA:28,5
DA:29,1
DA:32,4
DA:34,4
DA:35,1
DA:37,1
DA:45,3
DA:47,2
DA:48,2
DA:50,2
DA:52,1
DA:54,1
DA:57,5
DA:59,5
DA:61,5
DA:63,5
DA:68,6
DA:69,6
DA:71,6
LF:35
LH:33
BRDA:12,0,0,0
BRDA:12,0,1,0
BRDA:20,1,0,1
BRDA:28,2,0,1
BRDA:34,3,0,1
BRDA:47,4,0,2
BRF:6
BRH:4
end_of_record
TN:
SF:src\types.ts
FN:22,(anonymous_0)
FNF:1
FNH:1
FNDA:5,(anonymous_0)
DA:22,5
DA:23,5
DA:24,5
DA:25,5
LF:4
LH:4
BRDA:22,0,0,5
BRDA:22,0,1,5
BRF:2
BRH:2
end_of_record
TN:
SF:src\api\index.ts
FN:6,(anonymous_8)
FN:10,(anonymous_9)
FN:13,(anonymous_10)
FN:27,(anonymous_11)
FN:30,(anonymous_12)
FN:44,(anonymous_13)
FN:48,(anonymous_14)
FN:60,(anonymous_15)
FN:69,(anonymous_16)
FN:73,(anonymous_17)
FN:81,(anonymous_18)
FN:84,(anonymous_19)
FN:86,(anonymous_20)
FNF:13
FNH:13
FNDA:48,(anonymous_8)
FNDA:6,(anonymous_9)
FNDA:6,(anonymous_10)
FNDA:10,(anonymous_11)
FNDA:10,(anonymous_12)
FNDA:12,(anonymous_13)
FNDA:12,(anonymous_14)
FNDA:8,(anonymous_15)
FNDA:6,(anonymous_16)
FNDA:6,(anonymous_17)
FNDA:5,(anonymous_18)
FNDA:14,(anonymous_19)
FNDA:14,(anonymous_20)
DA:1,3
DA:2,3
DA:3,3
DA:6,48
DA:10,3
DA:13,6
DA:14,6
DA:20,6
DA:21,5
DA:24,1
DA:27,3
DA:30,10
DA:31,10
DA:37,10
DA:38,9
DA:41,1
DA:44,3
DA:48,12
DA:49,12
DA:50,3
DA:53,9
DA:55,9
DA:56,1
DA:59,8
DA:61,8
DA:66,8
DA:69,3
DA:73,6
DA:74,6
DA:81,6
DA:84,3
DA:86,14
DA:87,14
DA:93,10
LF:34
LH:34
BRDA:20,0,0,5
BRDA:37,1,0,9
BRDA:49,2,0,3
BRDA:55,3,0,1
BRDA:55,4,0,1
BRDA:55,4,1,8
BRDA:55,5,0,9
BRDA:55,5,1,8
BRDA:61,6,0,8
BRDA:61,6,1,3
BRDA:61,6,2,2
BRDA:66,7,0,7
BRDA:66,7,1,1
BRDA:81,8,0,6
BRDA:81,8,1,0
BRF:15
BRH:14
end_of_record
TN:
SF:src\input\index.ts
FN:4,(anonymous_0)
FN:12,(anonymous_1)
FN:18,(anonymous_2)
FN:20,(anonymous_3)
FN:23,(anonymous_4)
FN:25,(anonymous_5)
FN:27,(anonymous_6)
FN:29,(anonymous_7)
FN:32,(anonymous_8)
FN:34,(anonymous_9)
FN:36,(anonymous_10)
FN:39,(anonymous_11)
FN:41,(anonymous_12)
FN:43,(anonymous_13)
FN:46,(anonymous_14)
FN:49,(anonymous_15)
FN:52,(anonymous_16)
FN:55,(anonymous_17)
FN:58,(anonymous_18)
FN:70,(anonymous_19)
FNF:20
FNH:19
FNDA:9,(anonymous_0)
FNDA:1,(anonymous_1)
FNDA:15,(anonymous_2)
FNDA:32,(anonymous_3)
FNDA:8,(anonymous_4)
FNDA:70,(anonymous_5)
FNDA:1,(anonymous_6)
FNDA:1,(anonymous_7)
FNDA:1,(anonymous_8)
FNDA:36,(anonymous_9)
FNDA:6,(anonymous_10)
FNDA:15,(anonymous_11)
FNDA:15,(anonymous_12)
FNDA:20,(anonymous_13)
FNDA:10,(anonymous_14)
FNDA:3,(anonymous_15)
FNDA:6,(anonymous_16)
FNDA:0,(anonymous_17)
FNDA:7,(anonymous_18)
FNDA:49,(anonymous_19)
DA:1,6
DA:4,6
DA:5,9
DA:7,9
DA:8,4
DA:12,6
DA:13,1
DA:15,1
DA:18,15
DA:20,6
DA:21,32
DA:23,8
DA:25,70
DA:27,6
DA:29,6
DA:30,1
DA:32,6
DA:34,36
DA:36,6
DA:37,6
DA:39,15
DA:41,15
DA:43,6
DA:44,20
DA:46,6
DA:47,10
DA:49,6
DA:50,3
DA:52,6
DA:53,6
DA:55,6
DA:56,0
DA:58,6
DA:59,7
DA:69,7
DA:70,49
LF:36
LH:35
BRDA:7,0,0,4
BRDA:15,1,0,1
BRDA:15,1,1,0
BRDA:21,2,0,32
BRDA:21,2,1,0
BRDA:44,3,0,6
BRDA:44,3,1,14
BRDA:44,4,0,20
BRDA:44,4,1,20
BRDA:60,5,0,7
BRDA:60,5,1,1
BRDA:66,6,0,7
BRDA:66,6,1,2
BRF:13
BRH:11
end_of_record
TN:
SF:src\utils\error-messages.ts
FNF:0
FNH:0
DA:3,9
LF:1
LH:1
BRF:0
BRH:0
end_of_record
TN:
SF:src\utils\index.ts
FN:5,(anonymous_7)
FN:5,(anonymous_8)
FN:13,(anonymous_9)
FN:19,(anonymous_10)
FN:39,(anonymous_11)
FN:39,(anonymous_12)
FN:41,(anonymous_13)
FN:42,(anonymous_14)
FN:44,(anonymous_15)
FNF:9
FNH:9
FNDA:2,(anonymous_7)
FNDA:2,(anonymous_8)
FNDA:13,(anonymous_9)
FNDA:3,(anonymous_10)
FNDA:13,(anonymous_11)
FNDA:13,(anonymous_12)
FNDA:14,(anonymous_13)
FNDA:14,(anonymous_14)
FNDA:8,(anonymous_15)
DA:1,5
DA:2,5
DA:3,5
DA:5,5
DA:6,2
DA:7,2
DA:9,1
DA:13,13
DA:19,5
DA:23,3
DA:25,1
DA:26,1
DA:28,1
DA:29,1
DA:30,1
DA:33,1
DA:34,1
DA:35,1
DA:39,13
DA:41,5
DA:42,14
DA:44,5
DA:45,8
LF:23
LH:23
BRDA:23,0,0,1
BRDA:23,0,1,1
BRDA:23,0,2,1
BRDA:23,0,3,1
BRF:4
BRH:4
end_of_record
